<?xml version="1.0" encoding="UTF-8"?>
<testsuites name="TS1" time="58.844" tests="1" failures="0" errors="0">
   <testsuite name="TS1" tests="1" failures="0" errors="0" time="58.844" skipped="0" timestamp="28-04-2024T12:11:01" hostname="SA943UX - IN3111491W1.ey.net" id="Test Suites/TS1">
      <properties>
         <property name="deviceName" value=""/>
         <property name="devicePlatform" value=""/>
         <property name="logFolder" value="C:\\Users\\SA943UX\\git\\katalon2024\\Reports\\20240428_121030\\TS1\\20240428_121030"/>
         <property name="logFiles" value="C:\\Users\\SA943UX\\git\\katalon2024\\Reports\\20240428_121030\\TS1\\20240428_121030\\execution0.log"/>
         <property name="attachments" value="keyes\keyes-mypic.png"/>
         <property name="hostName" value="SA943UX - IN3111491W1.ey.net"/>
         <property name="os" value="Windows 10 64bit"/>
         <property name="katalonVersion" value="9.4.0.212"/>
         <property name="browser" value="Edge Chromium 123"/>
         <property name="hostAddress" value="192.168.28.64"/>
         <property name="sessionId" value="fb7d255e7bb4842c3c5466a0a79e670f"/>
         <property name="seleniumVersion" value="3.141.59"/>
         <property name="proxyInformation" value="ProxyInformation { proxyOption=NO_PROXY, proxyServerType=HTTP, username=, password=********, proxyServerAddress=, proxyServerPort=0, executionList=&quot;&quot;, isApplyToDesiredCapabilities=true }"/>
         <property name="platform" value="Windows 10"/>
      </properties>
      <testcase name="Test Cases/TC1" time="58.072" classname="Test Cases/TC1" status="PASSED">
         <system-out><![CDATA[28-04-2024T12:11:01 - [TEST_CASE][PASSED] - Test Cases/TC1: Test Cases/TC1

28-04-2024T12:11:03 - [TEST_STEP][PASSED] - openBrowser(""): Browser is opened with url: ''

28-04-2024T12:11:04 - [MESSAGE][INFO] - Starting 'Edge Chromium' driver

28-04-2024T12:11:09 - [MESSAGE][INFO] - Action delay is set to 0 milliseconds

28-04-2024T12:11:23 - [MESSAGE][PASSED] - Browser is opened with url: ''

28-04-2024T12:11:23 - [TEST_STEP][PASSED] - navigateToUrl("https://petstore.octoperf.com/"): Navigate to 'https://petstore.octoperf.com/' successfully

28-04-2024T12:11:31 - [MESSAGE][PASSED] - Navigate to 'https://petstore.octoperf.com/' successfully

28-04-2024T12:11:31 - [TEST_STEP][PASSED] - click(findTestObject("Object Repository/Page_JPetStore Demo/a_Enter the Store")): Object: 'Object Repository/Page_JPetStore Demo/a_Enter the Store' is clicked on

28-04-2024T12:11:43 - [MESSAGE][PASSED] - Object: 'Object Repository/Page_JPetStore Demo/a_Enter the Store' is clicked on

28-04-2024T12:11:43 - [TEST_STEP][PASSED] - verifyElementPresent(findTestObject("Object Repository/Page_JPetStore Demo/img"), 0): Object 'Object Repository/Page_JPetStore Demo/img' is present

28-04-2024T12:11:44 - [MESSAGE][WARNING] - Timeout '0' is invalid. Using default page load timeout: '30'

28-04-2024T12:11:46 - [MESSAGE][PASSED] - Object 'Object Repository/Page_JPetStore Demo/img' is present

28-04-2024T12:11:46 - [TEST_STEP][PASSED] - verifyElementPresent(findTestObject("Object Repository/Page_JPetStore Demo/img_1"), 0): Object 'Object Repository/Page_JPetStore Demo/img_1' is present

28-04-2024T12:11:46 - [MESSAGE][WARNING] - Timeout '0' is invalid. Using default page load timeout: '30'

28-04-2024T12:11:47 - [MESSAGE][PASSED] - Object 'Object Repository/Page_JPetStore Demo/img_1' is present

28-04-2024T12:11:47 - [TEST_STEP][PASSED] - verifyElementPresent(findTestObject("Object Repository/Page_JPetStore Demo/img_1_2"), 0): Object 'Object Repository/Page_JPetStore Demo/img_1_2' is present

28-04-2024T12:11:48 - [MESSAGE][WARNING] - Timeout '0' is invalid. Using default page load timeout: '30'

28-04-2024T12:11:49 - [MESSAGE][PASSED] - Object 'Object Repository/Page_JPetStore Demo/img_1_2' is present

28-04-2024T12:11:49 - [TEST_STEP][PASSED] - verifyElementPresent(findTestObject("Object Repository/Page_JPetStore Demo/img_1_2_3"), 0): Object 'Object Repository/Page_JPetStore Demo/img_1_2_3' is present

28-04-2024T12:11:50 - [MESSAGE][WARNING] - Timeout '0' is invalid. Using default page load timeout: '30'

28-04-2024T12:11:50 - [MESSAGE][PASSED] - Object 'Object Repository/Page_JPetStore Demo/img_1_2_3' is present

28-04-2024T12:11:50 - [TEST_STEP][PASSED] - verifyElementPresent(findTestObject("Object Repository/Page_JPetStore Demo/img_1_2_3_4"), 0): Object 'Object Repository/Page_JPetStore Demo/img_1_2_3_4' is present

28-04-2024T12:11:51 - [MESSAGE][WARNING] - Timeout '0' is invalid. Using default page load timeout: '30'

28-04-2024T12:11:51 - [MESSAGE][PASSED] - Object 'Object Repository/Page_JPetStore Demo/img_1_2_3_4' is present

28-04-2024T12:11:51 - [TEST_STEP][PASSED] - verifyElementPresent(findTestObject("Object Repository/Page_JPetStore Demo/a_Sign In"), 0): Object 'Object Repository/Page_JPetStore Demo/a_Sign In' is present

28-04-2024T12:11:52 - [MESSAGE][WARNING] - Timeout '0' is invalid. Using default page load timeout: '30'

28-04-2024T12:11:52 - [MESSAGE][PASSED] - Object 'Object Repository/Page_JPetStore Demo/a_Sign In' is present

28-04-2024T12:11:53 - [TEST_STEP][PASSED] - verifyElementPresent(findTestObject("Object Repository/Page_JPetStore Demo/img_Sign In_img_cart"), 0): Object 'Object Repository/Page_JPetStore Demo/img_Sign In_img_cart' is present

28-04-2024T12:11:53 - [MESSAGE][WARNING] - Timeout '0' is invalid. Using default page load timeout: '30'

28-04-2024T12:11:53 - [MESSAGE][PASSED] - Object 'Object Repository/Page_JPetStore Demo/img_Sign In_img_cart' is present

28-04-2024T12:11:53 - [TEST_STEP][PASSED] - verifyElementPresent(findTestObject("Object Repository/Page_JPetStore Demo/input__keyword"), 0): Object 'Object Repository/Page_JPetStore Demo/input__keyword' is present

28-04-2024T12:11:54 - [MESSAGE][WARNING] - Timeout '0' is invalid. Using default page load timeout: '30'

28-04-2024T12:11:54 - [MESSAGE][PASSED] - Object 'Object Repository/Page_JPetStore Demo/input__keyword' is present

28-04-2024T12:11:54 - [TEST_STEP][PASSED] - takeScreenshotAsCheckpoint("mypic"): Taking screenshot successfully

28-04-2024T12:11:57 - [MESSAGE][INFO] - 0 hidden object(s)

28-04-2024T12:11:57 - [MESSAGE][PASSED] - Taking screenshot successfully
[[ATTACHMENT|keyes\keyes-mypic.png]]

28-04-2024T12:11:57 - [TEST_STEP][PASSED] - closeBrowser(): Browser is closed

28-04-2024T12:12:00 - [MESSAGE][PASSED] - Browser is closed]]></system-out>
         <system-err><![CDATA[]]></system-err>
      </testcase>
      <system-out><![CDATA[28-04-2024T12:11:01 - [TEST_SUITE][PASSED] - TS1: Test Cases/TC1]]></system-out>
      <system-err><![CDATA[]]></system-err>
   </testsuite>
</testsuites>
